# JRE version: OpenJDK Runtime Environment Temurin-19.0.2+7 (19.0.2+7) (build 19.0.2+7)
# Java VM: OpenJDK 64-Bit Server VM Temurin-19.0.2+7 (19.0.2+7, mixed mode, sharing, tiered, compressed oops, compressed class ptrs, g1 gc, windows-amd64)
GC Precious Log:
 CardTable entry size: 512
 Card Set container configuration: InlinePtr #cards 5 size 8 Array Of Cards #cards 12 size 40 Howl #buckets 4 coarsen threshold 1843 Howl Bitmap #cards 512 size 80 coarsen threshold 460 Card regions per heap region 1 cards per card region 2048
 CPUs: 2 total, 2 available
 Memory: 3927M
 Large Page Support: Disabled
 NUMA Support: Disabled
 Compressed Oops: Enabled (32-bit)
 Heap Region Size: 1M
 Heap Min Capacity: 8M
 Heap Initial Capacity: 62M
 Heap Max Capacity: 1G
 Pre-touch: Disabled
 Parallel Workers: 2
 Concurrent Workers: 1
 Concurrent Refinement Workers: 2
 Periodic GC: Disabled
 String Deduplication is enabled
Heap:
 garbage-first heap   total 45056K, used 21898K [0x00000000c0000000, 0x0000000100000000)
  region size 1024K, 12 young (12288K), 1 survivors (1024K)
 Metaspace       used 25261K, committed 25920K, reserved 1114112K
  class space    used 2645K, committed 2944K, reserved 1048576K
GC Heap History (20 events):
Event: 18.283 GC heap before
{Heap before GC invocations=1 (full 0):
 garbage-first heap   total 63488K, used 5645K [0x00000000c0000000, 0x0000000100000000)
  region size 1024K, 5 young (5120K), 1 survivors (1024K)
 Metaspace       used 3191K, committed 3328K, reserved 1114112K
  class space    used 314K, committed 384K, reserved 1048576K
}
Event: 18.296 GC heap after
{Heap after GC invocations=2 (full 0):
 garbage-first heap   total 63488K, used 4053K [0x00000000c0000000, 0x0000000100000000)
  region size 1024K, 1 young (1024K), 1 survivors (1024K)
 Metaspace       used 3191K, committed 3328K, reserved 1114112K
  class space    used 314K, committed 384K, reserved 1048576K
}
Event: 22.583 GC heap before
{Heap before GC invocations=2 (full 0):
 garbage-first heap   total 63488K, used 12245K [0x00000000c0000000, 0x0000000100000000)
  region size 1024K, 10 young (10240K), 1 survivors (1024K)
 Metaspace       used 6184K, committed 6400K, reserved 1114112K
  class space    used 592K, committed 704K, reserved 1048576K
}
Event: 22.590 GC heap after
{Heap after GC invocations=3 (full 0):
 garbage-first heap   total 63488K, used 4587K [0x00000000c0000000, 0x0000000100000000)
  region size 1024K, 2 young (2048K), 2 survivors (2048K)
 Metaspace       used 6184K, committed 6400K, reserved 1114112K
  class space    used 592K, committed 704K, reserved 1048576K
}
Event: 67.993 GC heap before
{Heap before GC invocations=3 (full 0):
 garbage-first heap   total 63488K, used 37355K [0x00000000c0000000, 0x0000000100000000)
  region size 1024K, 34 young (34816K), 2 survivors (2048K)
 Metaspace       used 13233K, committed 13632K, reserved 1114112K
  class space    used 1283K, committed 1472K, reserved 1048576K
}
Event: 68.020 GC heap after
{Heap after GC invocations=4 (full 0):
 garbage-first heap   total 63488K, used 8701K [0x00000000c0000000, 0x0000000100000000)
  region size 1024K, 5 young (5120K), 5 survivors (5120K)
 Metaspace       used 13233K, committed 13632K, reserved 1114112K
  class space    used 1283K, committed 1472K, reserved 1048576K
}
Event: 77.452 GC heap before
{Heap before GC invocations=4 (full 0):
 garbage-first heap   total 63488K, used 37373K [0x00000000c0000000, 0x0000000100000000)
  region size 1024K, 34 young (34816K), 5 survivors (5120K)
 Metaspace       used 20477K, committed 21120K, reserved 1114112K
  class space    used 2165K, committed 2432K, reserved 1048576K
}
Event: 77.483 GC heap after
{Heap after GC invocations=5 (full 0):
 garbage-first heap   total 63488K, used 11490K [0x00000000c0000000, 0x0000000100000000)
  region size 1024K, 3 young (3072K), 3 survivors (3072K)
 Metaspace       used 20477K, committed 21120K, reserved 1114112K
  class space    used 2165K, committed 2432K, reserved 1048576K
}
Event: 77.699 GC heap before
{Heap before GC invocations=5 (full 0):
 garbage-first heap   total 63488K, used 11490K [0x00000000c0000000, 0x0000000100000000)
  region size 1024K, 4 young (4096K), 3 survivors (3072K)
 Metaspace       used 20826K, committed 21504K, reserved 1114112K
  class space    used 2199K, committed 2496K, reserved 1048576K
}
Event: 77.722 GC heap after
{Heap after GC invocations=6 (full 0):
 garbage-first heap   total 63488K, used 11846K [0x00000000c0000000, 0x0000000100000000)
  region size 1024K, 1 young (1024K), 1 survivors (1024K)
 Metaspace       used 20826K, committed 21504K, reserved 1114112K
  class space    used 2199K, committed 2496K, reserved 1048576K
}
Event: 244.851 GC heap before
{Heap before GC invocations=7 (full 0):
 garbage-first heap   total 45056K, used 36422K [0x00000000c0000000, 0x0000000100000000)
  region size 1024K, 26 young (26624K), 1 survivors (1024K)
 Metaspace       used 24981K, committed 25728K, reserved 1114112K
  class space    used 2609K, committed 2944K, reserved 1048576K
}
Event: 244.951 GC heap after
{Heap after GC invocations=8 (full 0):
 garbage-first heap   total 45056K, used 12109K [0x00000000c0000000, 0x0000000100000000)
  region size 1024K, 1 young (1024K), 1 survivors (1024K)
 Metaspace       used 24981K, committed 25728K, reserved 1114112K
  class space    used 2609K, committed 2944K, reserved 1048576K
}
Event: 244.975 GC heap before
{Heap before GC invocations=8 (full 0):
 garbage-first heap   total 45056K, used 13133K [0x00000000c0000000, 0x0000000100000000)
  region size 1024K, 2 young (2048K), 1 survivors (1024K)
 Metaspace       used 24984K, committed 25728K, reserved 1114112K
  class space    used 2609K, committed 2944K, reserved 1048576K
}
Event: 245.032 GC heap after
{Heap after GC invocations=9 (full 0):
 garbage-first heap   total 45056K, used 11617K [0x00000000c0000000, 0x0000000100000000)
  region size 1024K, 1 young (1024K), 1 survivors (1024K)
 Metaspace       used 24984K, committed 25728K, reserved 1114112K
  class space    used 2609K, committed 2944K, reserved 1048576K
}
Event: 459.013 GC heap before
{Heap before GC invocations=9 (full 0):
 garbage-first heap   total 45056K, used 31073K [0x00000000c0000000, 0x0000000100000000)
  region size 1024K, 21 young (21504K), 1 survivors (1024K)
 Metaspace       used 25029K, committed 25728K, reserved 1114112K
  class space    used 2613K, committed 2944K, reserved 1048576K
}
Event: 459.016 GC heap after
{Heap after GC invocations=10 (full 0):
 garbage-first heap   total 45056K, used 11697K [0x00000000c0000000, 0x0000000100000000)
  region size 1024K, 1 young (1024K), 1 survivors (1024K)
 Metaspace       used 25029K, committed 25728K, reserved 1114112K
  class space    used 2613K, committed 2944K, reserved 1048576K
}
Event: 638.424 GC heap before
{Heap before GC invocations=10 (full 0):
 garbage-first heap   total 45056K, used 33201K [0x00000000c0000000, 0x0000000100000000)
  region size 1024K, 22 young (22528K), 1 survivors (1024K)
 Metaspace       used 25059K, committed 25792K, reserved 1114112K
  class space    used 2614K, committed 2944K, reserved 1048576K
}
Event: 638.428 GC heap after
{Heap after GC invocations=11 (full 0):
 garbage-first heap   total 45056K, used 11664K [0x00000000c0000000, 0x0000000100000000)
  region size 1024K, 1 young (1024K), 1 survivors (1024K)
 Metaspace       used 25059K, committed 25792K, reserved 1114112K
  class space    used 2614K, committed 2944K, reserved 1048576K
}
Event: 804.780 GC heap before
{Heap before GC invocations=11 (full 0):
 garbage-first heap   total 45056K, used 34192K [0x00000000c0000000, 0x0000000100000000)
  region size 1024K, 23 young (23552K), 1 survivors (1024K)
 Metaspace       used 25061K, committed 25856K, reserved 1114112K
  class space    used 2614K, committed 2944K, reserved 1048576K
}
Event: 804.784 GC heap after
{Heap after GC invocations=12 (full 0):
 garbage-first heap   total 45056K, used 11658K [0x00000000c0000000, 0x0000000100000000)
  region size 1024K, 1 young (1024K), 1 survivors (1024K)
 Metaspace       used 25061K, committed 25856K, reserved 1114112K
  class space    used 2614K, committed 2944K, reserved 1048576K
}

